<?xml version="1.0" encoding="UTF-8" standalone="no"?>
<!DOCTYPE log SYSTEM "logger.dtd">
<log>
<record>
  <date>2020-05-26T13:59:06.131389400Z</date>
  <millis>1590501546131</millis>
  <nanos>389400</nanos>
  <sequence>0</sequence>
  <logger>testclass.Main</logger>
  <level>CONFIG</level>
  <class>testclass.Main</class>
  <method>main</method>
  <thread>1</thread>
  <message>config</message>
</record>
<record>
  <date>2020-05-26T13:59:06.146348900Z</date>
  <millis>1590501546146</millis>
  <nanos>348900</nanos>
  <sequence>1</sequence>
  <logger>testclass.Main</logger>
  <level>FINE</level>
  <class>testclass.Main</class>
  <method>main</method>
  <thread>1</thread>
  <message>fine</message>
</record>
<record>
  <date>2020-05-26T13:59:06.147348600Z</date>
  <millis>1590501546147</millis>
  <nanos>348600</nanos>
  <sequence>2</sequence>
  <logger>testclass.Main</logger>
  <level>FINER</level>
  <class>testclass.Main</class>
  <method>main</method>
  <thread>1</thread>
  <message>finer</message>
</record>
<record>
  <date>2020-05-26T13:59:06.147348600Z</date>
  <millis>1590501546147</millis>
  <nanos>348600</nanos>
  <sequence>3</sequence>
  <logger>testclass.Main</logger>
  <level>FINEST</level>
  <class>testclass.Main</class>
  <method>main</method>
  <thread>1</thread>
  <message>finest</message>
</record>
</log>
